CRITICAL - 2021-02-11 08:05:28 --> Toolbar collector does not exists(CodeIgniter\Debug\Toolbar\Collectors\Cache).please check $collectors in the Config\Toolbar.php file.
CRITICAL - 2021-02-11 08:05:28 --> Toolbar collector does not exists(CodeIgniter\Debug\Toolbar\Collectors\Cache).please check $collectors in the Config\Toolbar.php file.
CRITICAL - 2021-02-11 08:05:28 --> Toolbar collector does not exists(CodeIgniter\Debug\Toolbar\Collectors\Cache).please check $collectors in the Config\Toolbar.php file.
CRITICAL - 2021-02-11 08:05:38 --> Toolbar collector does not exists(CodeIgniter\Debug\Toolbar\Collectors\Cache).please check $collectors in the Config\Toolbar.php file.
CRITICAL - 2021-02-11 08:05:38 --> Toolbar collector does not exists(CodeIgniter\Debug\Toolbar\Collectors\Cache).please check $collectors in the Config\Toolbar.php file.
CRITICAL - 2021-02-11 08:05:38 --> Toolbar collector does not exists(CodeIgniter\Debug\Toolbar\Collectors\Cache).please check $collectors in the Config\Toolbar.php file.
CRITICAL - 2021-02-11 08:05:51 --> Toolbar collector does not exists(CodeIgniter\Debug\Toolbar\Collectors\Cache).please check $collectors in the Config\Toolbar.php file.
CRITICAL - 2021-02-11 08:05:51 --> Toolbar collector does not exists(CodeIgniter\Debug\Toolbar\Collectors\Cache).please check $collectors in the Config\Toolbar.php file.
CRITICAL - 2021-02-11 08:05:51 --> Toolbar collector does not exists(CodeIgniter\Debug\Toolbar\Collectors\Cache).please check $collectors in the Config\Toolbar.php file.
CRITICAL - 2021-02-11 08:06:01 --> Toolbar collector does not exists(CodeIgniter\Debug\Toolbar\Collectors\Cache).please check $collectors in the Config\Toolbar.php file.
CRITICAL - 2021-02-11 08:06:02 --> Toolbar collector does not exists(CodeIgniter\Debug\Toolbar\Collectors\Cache).please check $collectors in the Config\Toolbar.php file.
CRITICAL - 2021-02-11 08:06:02 --> Toolbar collector does not exists(CodeIgniter\Debug\Toolbar\Collectors\Cache).please check $collectors in the Config\Toolbar.php file.
CRITICAL - 2021-02-11 15:17:17 --> Toolbar collector does not exists(CodeIgniter\Debug\Toolbar\Collectors\Cache).please check $collectors in the Config\Toolbar.php file.
CRITICAL - 2021-02-11 15:17:17 --> Toolbar collector does not exists(CodeIgniter\Debug\Toolbar\Collectors\Cache).please check $collectors in the Config\Toolbar.php file.
CRITICAL - 2021-02-11 15:17:17 --> Toolbar collector does not exists(CodeIgniter\Debug\Toolbar\Collectors\Cache).please check $collectors in the Config\Toolbar.php file.
CRITICAL - 2021-02-11 15:17:17 --> Toolbar collector does not exists(CodeIgniter\Debug\Toolbar\Collectors\Cache).please check $collectors in the Config\Toolbar.php file.
CRITICAL - 2021-02-11 15:17:17 --> Toolbar collector does not exists(CodeIgniter\Debug\Toolbar\Collectors\Cache).please check $collectors in the Config\Toolbar.php file.
CRITICAL - 2021-02-11 15:17:17 --> Toolbar collector does not exists(CodeIgniter\Debug\Toolbar\Collectors\Cache).please check $collectors in the Config\Toolbar.php file.
CRITICAL - 2021-02-11 15:17:17 --> Toolbar collector does not exists(CodeIgniter\Debug\Toolbar\Collectors\Cache).please check $collectors in the Config\Toolbar.php file.
CRITICAL - 2021-02-11 15:17:24 --> Toolbar collector does not exists(CodeIgniter\Debug\Toolbar\Collectors\Cache).please check $collectors in the Config\Toolbar.php file.
CRITICAL - 2021-02-11 15:17:24 --> Toolbar collector does not exists(CodeIgniter\Debug\Toolbar\Collectors\Cache).please check $collectors in the Config\Toolbar.php file.
CRITICAL - 2021-02-11 15:17:24 --> Toolbar collector does not exists(CodeIgniter\Debug\Toolbar\Collectors\Cache).please check $collectors in the Config\Toolbar.php file.
CRITICAL - 2021-02-11 15:17:24 --> Toolbar collector does not exists(CodeIgniter\Debug\Toolbar\Collectors\Cache).please check $collectors in the Config\Toolbar.php file.
CRITICAL - 2021-02-11 15:23:48 --> Toolbar collector does not exists(CodeIgniter\Debug\Toolbar\Collectors\Cache).please check $collectors in the Config\Toolbar.php file.
CRITICAL - 2021-02-11 15:23:48 --> Toolbar collector does not exists(CodeIgniter\Debug\Toolbar\Collectors\Cache).please check $collectors in the Config\Toolbar.php file.
CRITICAL - 2021-02-11 15:23:48 --> Toolbar collector does not exists(CodeIgniter\Debug\Toolbar\Collectors\Cache).please check $collectors in the Config\Toolbar.php file.
CRITICAL - 2021-02-11 15:24:01 --> Toolbar collector does not exists(CodeIgniter\Debug\Toolbar\Collectors\Cache).please check $collectors in the Config\Toolbar.php file.
CRITICAL - 2021-02-11 15:24:02 --> Toolbar collector does not exists(CodeIgniter\Debug\Toolbar\Collectors\Cache).please check $collectors in the Config\Toolbar.php file.
CRITICAL - 2021-02-11 15:24:02 --> Toolbar collector does not exists(CodeIgniter\Debug\Toolbar\Collectors\Cache).please check $collectors in the Config\Toolbar.php file.
CRITICAL - 2021-02-11 15:24:05 --> Toolbar collector does not exists(CodeIgniter\Debug\Toolbar\Collectors\Cache).please check $collectors in the Config\Toolbar.php file.
CRITICAL - 2021-02-11 15:24:06 --> Toolbar collector does not exists(CodeIgniter\Debug\Toolbar\Collectors\Cache).please check $collectors in the Config\Toolbar.php file.
CRITICAL - 2021-02-11 15:24:06 --> Toolbar collector does not exists(CodeIgniter\Debug\Toolbar\Collectors\Cache).please check $collectors in the Config\Toolbar.php file.
CRITICAL - 2021-02-11 15:26:30 --> Toolbar collector does not exists(CodeIgniter\Debug\Toolbar\Collectors\Cache).please check $collectors in the Config\Toolbar.php file.
CRITICAL - 2021-02-11 15:26:30 --> Toolbar collector does not exists(CodeIgniter\Debug\Toolbar\Collectors\Cache).please check $collectors in the Config\Toolbar.php file.
CRITICAL - 2021-02-11 15:26:30 --> Toolbar collector does not exists(CodeIgniter\Debug\Toolbar\Collectors\Cache).please check $collectors in the Config\Toolbar.php file.
CRITICAL - 2021-02-11 15:50:19 --> Toolbar collector does not exists(CodeIgniter\Debug\Toolbar\Collectors\Cache).please check $collectors in the Config\Toolbar.php file.
CRITICAL - 2021-02-11 15:50:19 --> Toolbar collector does not exists(CodeIgniter\Debug\Toolbar\Collectors\Cache).please check $collectors in the Config\Toolbar.php file.
CRITICAL - 2021-02-11 15:50:19 --> Toolbar collector does not exists(CodeIgniter\Debug\Toolbar\Collectors\Cache).please check $collectors in the Config\Toolbar.php file.
CRITICAL - 2021-02-11 15:53:11 --> Toolbar collector does not exists(CodeIgniter\Debug\Toolbar\Collectors\Cache).please check $collectors in the Config\Toolbar.php file.
CRITICAL - 2021-02-11 15:53:11 --> Toolbar collector does not exists(CodeIgniter\Debug\Toolbar\Collectors\Cache).please check $collectors in the Config\Toolbar.php file.
CRITICAL - 2021-02-11 15:53:11 --> Toolbar collector does not exists(CodeIgniter\Debug\Toolbar\Collectors\Cache).please check $collectors in the Config\Toolbar.php file.
CRITICAL - 2021-02-11 15:56:13 --> Toolbar collector does not exists(CodeIgniter\Debug\Toolbar\Collectors\Cache).please check $collectors in the Config\Toolbar.php file.
CRITICAL - 2021-02-11 15:56:13 --> Toolbar collector does not exists(CodeIgniter\Debug\Toolbar\Collectors\Cache).please check $collectors in the Config\Toolbar.php file.
CRITICAL - 2021-02-11 15:56:13 --> Toolbar collector does not exists(CodeIgniter\Debug\Toolbar\Collectors\Cache).please check $collectors in the Config\Toolbar.php file.
CRITICAL - 2021-02-11 15:56:25 --> Toolbar collector does not exists(CodeIgniter\Debug\Toolbar\Collectors\Cache).please check $collectors in the Config\Toolbar.php file.
CRITICAL - 2021-02-11 15:56:25 --> Toolbar collector does not exists(CodeIgniter\Debug\Toolbar\Collectors\Cache).please check $collectors in the Config\Toolbar.php file.
CRITICAL - 2021-02-11 15:56:25 --> Toolbar collector does not exists(CodeIgniter\Debug\Toolbar\Collectors\Cache).please check $collectors in the Config\Toolbar.php file.
CRITICAL - 2021-02-11 16:02:26 --> Toolbar collector does not exists(CodeIgniter\Debug\Toolbar\Collectors\Cache).please check $collectors in the Config\Toolbar.php file.
CRITICAL - 2021-02-11 16:02:26 --> Toolbar collector does not exists(CodeIgniter\Debug\Toolbar\Collectors\Cache).please check $collectors in the Config\Toolbar.php file.
CRITICAL - 2021-02-11 16:02:26 --> Toolbar collector does not exists(CodeIgniter\Debug\Toolbar\Collectors\Cache).please check $collectors in the Config\Toolbar.php file.
CRITICAL - 2021-02-11 16:02:26 --> Toolbar collector does not exists(CodeIgniter\Debug\Toolbar\Collectors\Cache).please check $collectors in the Config\Toolbar.php file.
CRITICAL - 2021-02-11 16:02:27 --> Toolbar collector does not exists(CodeIgniter\Debug\Toolbar\Collectors\Cache).please check $collectors in the Config\Toolbar.php file.
CRITICAL - 2021-02-11 16:02:27 --> Toolbar collector does not exists(CodeIgniter\Debug\Toolbar\Collectors\Cache).please check $collectors in the Config\Toolbar.php file.
CRITICAL - 2021-02-11 16:02:31 --> Toolbar collector does not exists(CodeIgniter\Debug\Toolbar\Collectors\Cache).please check $collectors in the Config\Toolbar.php file.
CRITICAL - 2021-02-11 16:02:31 --> Toolbar collector does not exists(CodeIgniter\Debug\Toolbar\Collectors\Cache).please check $collectors in the Config\Toolbar.php file.
CRITICAL - 2021-02-11 16:02:31 --> Toolbar collector does not exists(CodeIgniter\Debug\Toolbar\Collectors\Cache).please check $collectors in the Config\Toolbar.php file.
CRITICAL - 2021-02-11 16:02:39 --> Toolbar collector does not exists(CodeIgniter\Debug\Toolbar\Collectors\Cache).please check $collectors in the Config\Toolbar.php file.
CRITICAL - 2021-02-11 16:02:39 --> Undefined variable: dataawt
#0 C:\wamp64\www\moldsfc\app\Controllers\Functions.php(286): CodeIgniter\Debug\Exceptions->errorHandler(8, 'Undefined varia...', 'C:\\wamp64\\www\\m...', 286, Array)
#1 C:\wamp64\www\moldsfc\vendor\codeigniter4\framework\system\CodeIgniter.php(918): App\Controllers\Functions->logicQR('machine')
#2 C:\wamp64\www\moldsfc\vendor\codeigniter4\framework\system\CodeIgniter.php(404): CodeIgniter\CodeIgniter->runController(Object(App\Controllers\Functions))
#3 C:\wamp64\www\moldsfc\vendor\codeigniter4\framework\system\CodeIgniter.php(312): CodeIgniter\CodeIgniter->handleRequest(NULL, Object(Config\Cache), false)
#4 C:\wamp64\www\moldsfc\index.php(46): CodeIgniter\CodeIgniter->run()
#5 {main}
CRITICAL - 2021-02-11 16:02:45 --> Toolbar collector does not exists(CodeIgniter\Debug\Toolbar\Collectors\Cache).please check $collectors in the Config\Toolbar.php file.
CRITICAL - 2021-02-11 16:02:45 --> Toolbar collector does not exists(CodeIgniter\Debug\Toolbar\Collectors\Cache).please check $collectors in the Config\Toolbar.php file.
CRITICAL - 2021-02-11 16:02:45 --> Toolbar collector does not exists(CodeIgniter\Debug\Toolbar\Collectors\Cache).please check $collectors in the Config\Toolbar.php file.
CRITICAL - 2021-02-11 16:06:31 --> Toolbar collector does not exists(CodeIgniter\Debug\Toolbar\Collectors\Cache).please check $collectors in the Config\Toolbar.php file.
CRITICAL - 2021-02-11 16:06:31 --> Table 'work_orders.tb_machine' doesn't exist
#0 C:\wamp64\www\moldsfc\vendor\codeigniter4\framework\system\Database\MySQLi\Connection.php(331): mysqli->query('SELECT *\nFROM `...')
#1 C:\wamp64\www\moldsfc\vendor\codeigniter4\framework\system\Database\BaseConnection.php(741): CodeIgniter\Database\MySQLi\Connection->execute('SELECT *\nFROM `...')
#2 C:\wamp64\www\moldsfc\vendor\codeigniter4\framework\system\Database\BaseConnection.php(669): CodeIgniter\Database\BaseConnection->simpleQuery('SELECT *\nFROM `...')
#3 C:\wamp64\www\moldsfc\vendor\codeigniter4\framework\system\Database\BaseBuilder.php(1860): CodeIgniter\Database\BaseConnection->query('SELECT *\nFROM `...', Array, false)
#4 C:\wamp64\www\moldsfc\vendor\codeigniter4\framework\system\Model.php(462): CodeIgniter\Database\BaseBuilder->get()
#5 C:\wamp64\www\moldsfc\app\Controllers\Functions.php(285): CodeIgniter\Model->findAll()
#6 C:\wamp64\www\moldsfc\vendor\codeigniter4\framework\system\CodeIgniter.php(918): App\Controllers\Functions->logicQR('machine')
#7 C:\wamp64\www\moldsfc\vendor\codeigniter4\framework\system\CodeIgniter.php(404): CodeIgniter\CodeIgniter->runController(Object(App\Controllers\Functions))
#8 C:\wamp64\www\moldsfc\vendor\codeigniter4\framework\system\CodeIgniter.php(312): CodeIgniter\CodeIgniter->handleRequest(NULL, Object(Config\Cache), false)
#9 C:\wamp64\www\moldsfc\index.php(46): CodeIgniter\CodeIgniter->run()
#10 {main}
CRITICAL - 2021-02-11 16:06:37 --> Toolbar collector does not exists(CodeIgniter\Debug\Toolbar\Collectors\Cache).please check $collectors in the Config\Toolbar.php file.
CRITICAL - 2021-02-11 16:06:37 --> Toolbar collector does not exists(CodeIgniter\Debug\Toolbar\Collectors\Cache).please check $collectors in the Config\Toolbar.php file.
CRITICAL - 2021-02-11 16:06:37 --> Toolbar collector does not exists(CodeIgniter\Debug\Toolbar\Collectors\Cache).please check $collectors in the Config\Toolbar.php file.
CRITICAL - 2021-02-11 16:07:21 --> Toolbar collector does not exists(CodeIgniter\Debug\Toolbar\Collectors\Cache).please check $collectors in the Config\Toolbar.php file.
CRITICAL - 2021-02-11 16:07:21 --> Toolbar collector does not exists(CodeIgniter\Debug\Toolbar\Collectors\Cache).please check $collectors in the Config\Toolbar.php file.
CRITICAL - 2021-02-11 16:07:21 --> Toolbar collector does not exists(CodeIgniter\Debug\Toolbar\Collectors\Cache).please check $collectors in the Config\Toolbar.php file.
CRITICAL - 2021-02-11 16:07:21 --> Toolbar collector does not exists(CodeIgniter\Debug\Toolbar\Collectors\Cache).please check $collectors in the Config\Toolbar.php file.
CRITICAL - 2021-02-11 16:07:21 --> Toolbar collector does not exists(CodeIgniter\Debug\Toolbar\Collectors\Cache).please check $collectors in the Config\Toolbar.php file.
CRITICAL - 2021-02-11 16:07:21 --> Toolbar collector does not exists(CodeIgniter\Debug\Toolbar\Collectors\Cache).please check $collectors in the Config\Toolbar.php file.
CRITICAL - 2021-02-11 16:07:21 --> Toolbar collector does not exists(CodeIgniter\Debug\Toolbar\Collectors\Cache).please check $collectors in the Config\Toolbar.php file.
CRITICAL - 2021-02-11 16:07:22 --> Toolbar collector does not exists(CodeIgniter\Debug\Toolbar\Collectors\Cache).please check $collectors in the Config\Toolbar.php file.
CRITICAL - 2021-02-11 16:07:22 --> Toolbar collector does not exists(CodeIgniter\Debug\Toolbar\Collectors\Cache).please check $collectors in the Config\Toolbar.php file.
CRITICAL - 2021-02-11 16:07:47 --> Toolbar collector does not exists(CodeIgniter\Debug\Toolbar\Collectors\Cache).please check $collectors in the Config\Toolbar.php file.
CRITICAL - 2021-02-11 16:07:47 --> Undefined variable: datawt
#0 C:\wamp64\www\moldsfc\app\Controllers\Functions.php(287): CodeIgniter\Debug\Exceptions->errorHandler(8, 'Undefined varia...', 'C:\\wamp64\\www\\m...', 287, Array)
#1 C:\wamp64\www\moldsfc\vendor\codeigniter4\framework\system\CodeIgniter.php(918): App\Controllers\Functions->logicQR('machine')
#2 C:\wamp64\www\moldsfc\vendor\codeigniter4\framework\system\CodeIgniter.php(404): CodeIgniter\CodeIgniter->runController(Object(App\Controllers\Functions))
#3 C:\wamp64\www\moldsfc\vendor\codeigniter4\framework\system\CodeIgniter.php(312): CodeIgniter\CodeIgniter->handleRequest(NULL, Object(Config\Cache), false)
#4 C:\wamp64\www\moldsfc\index.php(46): CodeIgniter\CodeIgniter->run()
#5 {main}
CRITICAL - 2021-02-11 16:08:05 --> Toolbar collector does not exists(CodeIgniter\Debug\Toolbar\Collectors\Cache).please check $collectors in the Config\Toolbar.php file.
CRITICAL - 2021-02-11 16:08:05 --> Toolbar collector does not exists(CodeIgniter\Debug\Toolbar\Collectors\Cache).please check $collectors in the Config\Toolbar.php file.
CRITICAL - 2021-02-11 16:08:06 --> Toolbar collector does not exists(CodeIgniter\Debug\Toolbar\Collectors\Cache).please check $collectors in the Config\Toolbar.php file.
CRITICAL - 2021-02-11 16:08:06 --> Toolbar collector does not exists(CodeIgniter\Debug\Toolbar\Collectors\Cache).please check $collectors in the Config\Toolbar.php file.
CRITICAL - 2021-02-11 16:08:06 --> Toolbar collector does not exists(CodeIgniter\Debug\Toolbar\Collectors\Cache).please check $collectors in the Config\Toolbar.php file.
CRITICAL - 2021-02-11 16:08:06 --> Toolbar collector does not exists(CodeIgniter\Debug\Toolbar\Collectors\Cache).please check $collectors in the Config\Toolbar.php file.
CRITICAL - 2021-02-11 16:08:07 --> Toolbar collector does not exists(CodeIgniter\Debug\Toolbar\Collectors\Cache).please check $collectors in the Config\Toolbar.php file.
CRITICAL - 2021-02-11 16:08:07 --> Toolbar collector does not exists(CodeIgniter\Debug\Toolbar\Collectors\Cache).please check $collectors in the Config\Toolbar.php file.
CRITICAL - 2021-02-11 16:08:07 --> Toolbar collector does not exists(CodeIgniter\Debug\Toolbar\Collectors\Cache).please check $collectors in the Config\Toolbar.php file.
CRITICAL - 2021-02-11 16:08:07 --> Toolbar collector does not exists(CodeIgniter\Debug\Toolbar\Collectors\Cache).please check $collectors in the Config\Toolbar.php file.
CRITICAL - 2021-02-11 16:08:07 --> Toolbar collector does not exists(CodeIgniter\Debug\Toolbar\Collectors\Cache).please check $collectors in the Config\Toolbar.php file.
CRITICAL - 2021-02-11 16:08:07 --> Toolbar collector does not exists(CodeIgniter\Debug\Toolbar\Collectors\Cache).please check $collectors in the Config\Toolbar.php file.
CRITICAL - 2021-02-11 16:08:07 --> Toolbar collector does not exists(CodeIgniter\Debug\Toolbar\Collectors\Cache).please check $collectors in the Config\Toolbar.php file.
CRITICAL - 2021-02-11 16:08:07 --> Toolbar collector does not exists(CodeIgniter\Debug\Toolbar\Collectors\Cache).please check $collectors in the Config\Toolbar.php file.
CRITICAL - 2021-02-11 16:08:07 --> Toolbar collector does not exists(CodeIgniter\Debug\Toolbar\Collectors\Cache).please check $collectors in the Config\Toolbar.php file.
CRITICAL - 2021-02-11 16:08:33 --> Toolbar collector does not exists(CodeIgniter\Debug\Toolbar\Collectors\Cache).please check $collectors in the Config\Toolbar.php file.
CRITICAL - 2021-02-11 16:08:34 --> Toolbar collector does not exists(CodeIgniter\Debug\Toolbar\Collectors\Cache).please check $collectors in the Config\Toolbar.php file.
CRITICAL - 2021-02-11 16:08:34 --> Toolbar collector does not exists(CodeIgniter\Debug\Toolbar\Collectors\Cache).please check $collectors in the Config\Toolbar.php file.
CRITICAL - 2021-02-11 16:08:34 --> Toolbar collector does not exists(CodeIgniter\Debug\Toolbar\Collectors\Cache).please check $collectors in the Config\Toolbar.php file.
CRITICAL - 2021-02-11 16:08:34 --> Toolbar collector does not exists(CodeIgniter\Debug\Toolbar\Collectors\Cache).please check $collectors in the Config\Toolbar.php file.
CRITICAL - 2021-02-11 16:08:34 --> Toolbar collector does not exists(CodeIgniter\Debug\Toolbar\Collectors\Cache).please check $collectors in the Config\Toolbar.php file.
CRITICAL - 2021-02-11 16:08:34 --> Toolbar collector does not exists(CodeIgniter\Debug\Toolbar\Collectors\Cache).please check $collectors in the Config\Toolbar.php file.
CRITICAL - 2021-02-11 16:08:34 --> Toolbar collector does not exists(CodeIgniter\Debug\Toolbar\Collectors\Cache).please check $collectors in the Config\Toolbar.php file.
CRITICAL - 2021-02-11 16:08:35 --> Toolbar collector does not exists(CodeIgniter\Debug\Toolbar\Collectors\Cache).please check $collectors in the Config\Toolbar.php file.
CRITICAL - 2021-02-11 16:08:37 --> Toolbar collector does not exists(CodeIgniter\Debug\Toolbar\Collectors\Cache).please check $collectors in the Config\Toolbar.php file.
CRITICAL - 2021-02-11 16:08:37 --> Toolbar collector does not exists(CodeIgniter\Debug\Toolbar\Collectors\Cache).please check $collectors in the Config\Toolbar.php file.
CRITICAL - 2021-02-11 16:08:37 --> Toolbar collector does not exists(CodeIgniter\Debug\Toolbar\Collectors\Cache).please check $collectors in the Config\Toolbar.php file.
CRITICAL - 2021-02-11 16:08:38 --> Toolbar collector does not exists(CodeIgniter\Debug\Toolbar\Collectors\Cache).please check $collectors in the Config\Toolbar.php file.
CRITICAL - 2021-02-11 16:08:38 --> Toolbar collector does not exists(CodeIgniter\Debug\Toolbar\Collectors\Cache).please check $collectors in the Config\Toolbar.php file.
CRITICAL - 2021-02-11 16:08:38 --> Toolbar collector does not exists(CodeIgniter\Debug\Toolbar\Collectors\Cache).please check $collectors in the Config\Toolbar.php file.
CRITICAL - 2021-02-11 16:08:38 --> Toolbar collector does not exists(CodeIgniter\Debug\Toolbar\Collectors\Cache).please check $collectors in the Config\Toolbar.php file.
CRITICAL - 2021-02-11 16:08:38 --> Toolbar collector does not exists(CodeIgniter\Debug\Toolbar\Collectors\Cache).please check $collectors in the Config\Toolbar.php file.
CRITICAL - 2021-02-11 16:08:38 --> Toolbar collector does not exists(CodeIgniter\Debug\Toolbar\Collectors\Cache).please check $collectors in the Config\Toolbar.php file.
CRITICAL - 2021-02-11 16:08:40 --> Toolbar collector does not exists(CodeIgniter\Debug\Toolbar\Collectors\Cache).please check $collectors in the Config\Toolbar.php file.
CRITICAL - 2021-02-11 16:08:40 --> Toolbar collector does not exists(CodeIgniter\Debug\Toolbar\Collectors\Cache).please check $collectors in the Config\Toolbar.php file.
CRITICAL - 2021-02-11 16:08:40 --> Toolbar collector does not exists(CodeIgniter\Debug\Toolbar\Collectors\Cache).please check $collectors in the Config\Toolbar.php file.
CRITICAL - 2021-02-11 16:08:41 --> Toolbar collector does not exists(CodeIgniter\Debug\Toolbar\Collectors\Cache).please check $collectors in the Config\Toolbar.php file.
CRITICAL - 2021-02-11 16:08:41 --> Toolbar collector does not exists(CodeIgniter\Debug\Toolbar\Collectors\Cache).please check $collectors in the Config\Toolbar.php file.
CRITICAL - 2021-02-11 16:08:41 --> Toolbar collector does not exists(CodeIgniter\Debug\Toolbar\Collectors\Cache).please check $collectors in the Config\Toolbar.php file.
CRITICAL - 2021-02-11 16:08:41 --> Toolbar collector does not exists(CodeIgniter\Debug\Toolbar\Collectors\Cache).please check $collectors in the Config\Toolbar.php file.
CRITICAL - 2021-02-11 16:08:41 --> count(): Parameter must be an array or an object that implements Countable
#0 [internal function]: CodeIgniter\Debug\Exceptions->errorHandler(2, 'count(): Parame...', 'C:\\wamp64\\www\\m...', 287, Array)
#1 C:\wamp64\www\moldsfc\app\Controllers\Functions.php(287): count(NULL)
#2 C:\wamp64\www\moldsfc\vendor\codeigniter4\framework\system\CodeIgniter.php(918): App\Controllers\Functions->logicQR('machine')
#3 C:\wamp64\www\moldsfc\vendor\codeigniter4\framework\system\CodeIgniter.php(404): CodeIgniter\CodeIgniter->runController(Object(App\Controllers\Functions))
#4 C:\wamp64\www\moldsfc\vendor\codeigniter4\framework\system\CodeIgniter.php(312): CodeIgniter\CodeIgniter->handleRequest(NULL, Object(Config\Cache), false)
#5 C:\wamp64\www\moldsfc\index.php(46): CodeIgniter\CodeIgniter->run()
#6 {main}
CRITICAL - 2021-02-11 16:08:53 --> Toolbar collector does not exists(CodeIgniter\Debug\Toolbar\Collectors\Cache).please check $collectors in the Config\Toolbar.php file.
CRITICAL - 2021-02-11 16:08:53 --> Toolbar collector does not exists(CodeIgniter\Debug\Toolbar\Collectors\Cache).please check $collectors in the Config\Toolbar.php file.
CRITICAL - 2021-02-11 16:08:53 --> Toolbar collector does not exists(CodeIgniter\Debug\Toolbar\Collectors\Cache).please check $collectors in the Config\Toolbar.php file.
CRITICAL - 2021-02-11 16:08:55 --> Toolbar collector does not exists(CodeIgniter\Debug\Toolbar\Collectors\Cache).please check $collectors in the Config\Toolbar.php file.
CRITICAL - 2021-02-11 16:08:55 --> Toolbar collector does not exists(CodeIgniter\Debug\Toolbar\Collectors\Cache).please check $collectors in the Config\Toolbar.php file.
CRITICAL - 2021-02-11 16:08:56 --> Toolbar collector does not exists(CodeIgniter\Debug\Toolbar\Collectors\Cache).please check $collectors in the Config\Toolbar.php file.
CRITICAL - 2021-02-11 16:08:56 --> Toolbar collector does not exists(CodeIgniter\Debug\Toolbar\Collectors\Cache).please check $collectors in the Config\Toolbar.php file.
CRITICAL - 2021-02-11 16:08:57 --> Toolbar collector does not exists(CodeIgniter\Debug\Toolbar\Collectors\Cache).please check $collectors in the Config\Toolbar.php file.
CRITICAL - 2021-02-11 16:08:57 --> Toolbar collector does not exists(CodeIgniter\Debug\Toolbar\Collectors\Cache).please check $collectors in the Config\Toolbar.php file.
CRITICAL - 2021-02-11 16:09:22 --> Toolbar collector does not exists(CodeIgniter\Debug\Toolbar\Collectors\Cache).please check $collectors in the Config\Toolbar.php file.
CRITICAL - 2021-02-11 16:09:22 --> Toolbar collector does not exists(CodeIgniter\Debug\Toolbar\Collectors\Cache).please check $collectors in the Config\Toolbar.php file.
CRITICAL - 2021-02-11 16:09:22 --> Toolbar collector does not exists(CodeIgniter\Debug\Toolbar\Collectors\Cache).please check $collectors in the Config\Toolbar.php file.
CRITICAL - 2021-02-11 16:09:32 --> Toolbar collector does not exists(CodeIgniter\Debug\Toolbar\Collectors\Cache).please check $collectors in the Config\Toolbar.php file.
CRITICAL - 2021-02-11 16:09:32 --> Table 'moldsfc.tb_machine' doesn't exist
#0 C:\wamp64\www\moldsfc\vendor\codeigniter4\framework\system\Database\MySQLi\Connection.php(331): mysqli->query('SELECT *\nFROM `...')
#1 C:\wamp64\www\moldsfc\vendor\codeigniter4\framework\system\Database\BaseConnection.php(741): CodeIgniter\Database\MySQLi\Connection->execute('SELECT *\nFROM `...')
#2 C:\wamp64\www\moldsfc\vendor\codeigniter4\framework\system\Database\BaseConnection.php(669): CodeIgniter\Database\BaseConnection->simpleQuery('SELECT *\nFROM `...')
#3 C:\wamp64\www\moldsfc\vendor\codeigniter4\framework\system\Database\BaseBuilder.php(1860): CodeIgniter\Database\BaseConnection->query('SELECT *\nFROM `...', Array, false)
#4 C:\wamp64\www\moldsfc\vendor\codeigniter4\framework\system\Model.php(462): CodeIgniter\Database\BaseBuilder->get()
#5 C:\wamp64\www\moldsfc\app\Controllers\Functions.php(285): CodeIgniter\Model->findAll()
#6 C:\wamp64\www\moldsfc\vendor\codeigniter4\framework\system\CodeIgniter.php(918): App\Controllers\Functions->logicQR('machine')
#7 C:\wamp64\www\moldsfc\vendor\codeigniter4\framework\system\CodeIgniter.php(404): CodeIgniter\CodeIgniter->runController(Object(App\Controllers\Functions))
#8 C:\wamp64\www\moldsfc\vendor\codeigniter4\framework\system\CodeIgniter.php(312): CodeIgniter\CodeIgniter->handleRequest(NULL, Object(Config\Cache), false)
#9 C:\wamp64\www\moldsfc\index.php(46): CodeIgniter\CodeIgniter->run()
#10 {main}
CRITICAL - 2021-02-11 16:09:40 --> Toolbar collector does not exists(CodeIgniter\Debug\Toolbar\Collectors\Cache).please check $collectors in the Config\Toolbar.php file.
CRITICAL - 2021-02-11 16:09:40 --> Toolbar collector does not exists(CodeIgniter\Debug\Toolbar\Collectors\Cache).please check $collectors in the Config\Toolbar.php file.
CRITICAL - 2021-02-11 16:09:40 --> Toolbar collector does not exists(CodeIgniter\Debug\Toolbar\Collectors\Cache).please check $collectors in the Config\Toolbar.php file.
CRITICAL - 2021-02-11 16:10:04 --> Toolbar collector does not exists(CodeIgniter\Debug\Toolbar\Collectors\Cache).please check $collectors in the Config\Toolbar.php file.
CRITICAL - 2021-02-11 16:10:04 --> Toolbar collector does not exists(CodeIgniter\Debug\Toolbar\Collectors\Cache).please check $collectors in the Config\Toolbar.php file.
CRITICAL - 2021-02-11 16:10:04 --> Toolbar collector does not exists(CodeIgniter\Debug\Toolbar\Collectors\Cache).please check $collectors in the Config\Toolbar.php file.
CRITICAL - 2021-02-11 16:10:41 --> Toolbar collector does not exists(CodeIgniter\Debug\Toolbar\Collectors\Cache).please check $collectors in the Config\Toolbar.php file.
CRITICAL - 2021-02-11 16:10:41 --> Toolbar collector does not exists(CodeIgniter\Debug\Toolbar\Collectors\Cache).please check $collectors in the Config\Toolbar.php file.
CRITICAL - 2021-02-11 16:10:41 --> Toolbar collector does not exists(CodeIgniter\Debug\Toolbar\Collectors\Cache).please check $collectors in the Config\Toolbar.php file.
CRITICAL - 2021-02-11 16:50:05 --> Toolbar collector does not exists(CodeIgniter\Debug\Toolbar\Collectors\Cache).please check $collectors in the Config\Toolbar.php file.
CRITICAL - 2021-02-11 16:50:05 --> Toolbar collector does not exists(CodeIgniter\Debug\Toolbar\Collectors\Cache).please check $collectors in the Config\Toolbar.php file.
CRITICAL - 2021-02-11 16:50:05 --> Toolbar collector does not exists(CodeIgniter\Debug\Toolbar\Collectors\Cache).please check $collectors in the Config\Toolbar.php file.
CRITICAL - 2021-02-11 16:57:06 --> Toolbar collector does not exists(CodeIgniter\Debug\Toolbar\Collectors\Cache).please check $collectors in the Config\Toolbar.php file.
CRITICAL - 2021-02-11 16:57:06 --> Toolbar collector does not exists(CodeIgniter\Debug\Toolbar\Collectors\Cache).please check $collectors in the Config\Toolbar.php file.
CRITICAL - 2021-02-11 16:57:08 --> Toolbar collector does not exists(CodeIgniter\Debug\Toolbar\Collectors\Cache).please check $collectors in the Config\Toolbar.php file.
CRITICAL - 2021-02-11 16:59:41 --> Toolbar collector does not exists(CodeIgniter\Debug\Toolbar\Collectors\Cache).please check $collectors in the Config\Toolbar.php file.
CRITICAL - 2021-02-11 16:59:41 --> Toolbar collector does not exists(CodeIgniter\Debug\Toolbar\Collectors\Cache).please check $collectors in the Config\Toolbar.php file.
CRITICAL - 2021-02-11 16:59:41 --> Toolbar collector does not exists(CodeIgniter\Debug\Toolbar\Collectors\Cache).please check $collectors in the Config\Toolbar.php file.
CRITICAL - 2021-02-11 16:59:42 --> Toolbar collector does not exists(CodeIgniter\Debug\Toolbar\Collectors\Cache).please check $collectors in the Config\Toolbar.php file.
CRITICAL - 2021-02-11 16:59:43 --> Toolbar collector does not exists(CodeIgniter\Debug\Toolbar\Collectors\Cache).please check $collectors in the Config\Toolbar.php file.
