CRITICAL - 2021-02-12 15:22:25 --> Toolbar collector does not exists(CodeIgniter\Debug\Toolbar\Collectors\Cache).please check $collectors in the Config\Toolbar.php file.
CRITICAL - 2021-02-12 15:22:25 --> Toolbar collector does not exists(CodeIgniter\Debug\Toolbar\Collectors\Cache).please check $collectors in the Config\Toolbar.php file.
CRITICAL - 2021-02-12 15:22:25 --> Toolbar collector does not exists(CodeIgniter\Debug\Toolbar\Collectors\Cache).please check $collectors in the Config\Toolbar.php file.
CRITICAL - 2021-02-12 15:22:25 --> Toolbar collector does not exists(CodeIgniter\Debug\Toolbar\Collectors\Cache).please check $collectors in the Config\Toolbar.php file.
CRITICAL - 2021-02-12 15:22:25 --> Toolbar collector does not exists(CodeIgniter\Debug\Toolbar\Collectors\Cache).please check $collectors in the Config\Toolbar.php file.
CRITICAL - 2021-02-12 15:22:33 --> Toolbar collector does not exists(CodeIgniter\Debug\Toolbar\Collectors\Cache).please check $collectors in the Config\Toolbar.php file.
CRITICAL - 2021-02-12 15:22:34 --> Toolbar collector does not exists(CodeIgniter\Debug\Toolbar\Collectors\Cache).please check $collectors in the Config\Toolbar.php file.
CRITICAL - 2021-02-12 15:22:34 --> Toolbar collector does not exists(CodeIgniter\Debug\Toolbar\Collectors\Cache).please check $collectors in the Config\Toolbar.php file.
CRITICAL - 2021-02-12 15:22:34 --> Toolbar collector does not exists(CodeIgniter\Debug\Toolbar\Collectors\Cache).please check $collectors in the Config\Toolbar.php file.
CRITICAL - 2021-02-12 15:22:34 --> Toolbar collector does not exists(CodeIgniter\Debug\Toolbar\Collectors\Cache).please check $collectors in the Config\Toolbar.php file.
CRITICAL - 2021-02-12 15:22:52 --> Toolbar collector does not exists(CodeIgniter\Debug\Toolbar\Collectors\Cache).please check $collectors in the Config\Toolbar.php file.
CRITICAL - 2021-02-12 15:22:52 --> Toolbar collector does not exists(CodeIgniter\Debug\Toolbar\Collectors\Cache).please check $collectors in the Config\Toolbar.php file.
CRITICAL - 2021-02-12 15:22:52 --> Toolbar collector does not exists(CodeIgniter\Debug\Toolbar\Collectors\Cache).please check $collectors in the Config\Toolbar.php file.
CRITICAL - 2021-02-12 15:22:53 --> Toolbar collector does not exists(CodeIgniter\Debug\Toolbar\Collectors\Cache).please check $collectors in the Config\Toolbar.php file.
CRITICAL - 2021-02-12 15:23:09 --> Toolbar collector does not exists(CodeIgniter\Debug\Toolbar\Collectors\Cache).please check $collectors in the Config\Toolbar.php file.
CRITICAL - 2021-02-12 15:23:09 --> Toolbar collector does not exists(CodeIgniter\Debug\Toolbar\Collectors\Cache).please check $collectors in the Config\Toolbar.php file.
CRITICAL - 2021-02-12 15:23:09 --> Toolbar collector does not exists(CodeIgniter\Debug\Toolbar\Collectors\Cache).please check $collectors in the Config\Toolbar.php file.
CRITICAL - 2021-02-12 15:23:20 --> Toolbar collector does not exists(CodeIgniter\Debug\Toolbar\Collectors\Cache).please check $collectors in the Config\Toolbar.php file.
CRITICAL - 2021-02-12 15:23:20 --> Toolbar collector does not exists(CodeIgniter\Debug\Toolbar\Collectors\Cache).please check $collectors in the Config\Toolbar.php file.
CRITICAL - 2021-02-12 15:23:20 --> Toolbar collector does not exists(CodeIgniter\Debug\Toolbar\Collectors\Cache).please check $collectors in the Config\Toolbar.php file.
CRITICAL - 2021-02-12 15:23:29 --> Toolbar collector does not exists(CodeIgniter\Debug\Toolbar\Collectors\Cache).please check $collectors in the Config\Toolbar.php file.
CRITICAL - 2021-02-12 15:23:29 --> Toolbar collector does not exists(CodeIgniter\Debug\Toolbar\Collectors\Cache).please check $collectors in the Config\Toolbar.php file.
CRITICAL - 2021-02-12 15:23:29 --> Toolbar collector does not exists(CodeIgniter\Debug\Toolbar\Collectors\Cache).please check $collectors in the Config\Toolbar.php file.
CRITICAL - 2021-02-12 15:34:21 --> Toolbar collector does not exists(CodeIgniter\Debug\Toolbar\Collectors\Cache).please check $collectors in the Config\Toolbar.php file.
CRITICAL - 2021-02-12 15:36:43 --> Toolbar collector does not exists(CodeIgniter\Debug\Toolbar\Collectors\Cache).please check $collectors in the Config\Toolbar.php file.
CRITICAL - 2021-02-12 15:36:43 --> Toolbar collector does not exists(CodeIgniter\Debug\Toolbar\Collectors\Cache).please check $collectors in the Config\Toolbar.php file.
CRITICAL - 2021-02-12 15:36:43 --> Toolbar collector does not exists(CodeIgniter\Debug\Toolbar\Collectors\Cache).please check $collectors in the Config\Toolbar.php file.
CRITICAL - 2021-02-12 15:41:23 --> Toolbar collector does not exists(CodeIgniter\Debug\Toolbar\Collectors\Cache).please check $collectors in the Config\Toolbar.php file.
CRITICAL - 2021-02-12 15:41:23 --> Toolbar collector does not exists(CodeIgniter\Debug\Toolbar\Collectors\Cache).please check $collectors in the Config\Toolbar.php file.
CRITICAL - 2021-02-12 15:41:24 --> Toolbar collector does not exists(CodeIgniter\Debug\Toolbar\Collectors\Cache).please check $collectors in the Config\Toolbar.php file.
CRITICAL - 2021-02-12 15:43:16 --> Toolbar collector does not exists(CodeIgniter\Debug\Toolbar\Collectors\Cache).please check $collectors in the Config\Toolbar.php file.
CRITICAL - 2021-02-12 15:43:16 --> Toolbar collector does not exists(CodeIgniter\Debug\Toolbar\Collectors\Cache).please check $collectors in the Config\Toolbar.php file.
CRITICAL - 2021-02-12 15:43:16 --> Toolbar collector does not exists(CodeIgniter\Debug\Toolbar\Collectors\Cache).please check $collectors in the Config\Toolbar.php file.
CRITICAL - 2021-02-12 15:47:27 --> Toolbar collector does not exists(CodeIgniter\Debug\Toolbar\Collectors\Cache).please check $collectors in the Config\Toolbar.php file.
CRITICAL - 2021-02-12 15:47:27 --> Toolbar collector does not exists(CodeIgniter\Debug\Toolbar\Collectors\Cache).please check $collectors in the Config\Toolbar.php file.
CRITICAL - 2021-02-12 15:47:27 --> Toolbar collector does not exists(CodeIgniter\Debug\Toolbar\Collectors\Cache).please check $collectors in the Config\Toolbar.php file.
CRITICAL - 2021-02-12 15:48:43 --> Toolbar collector does not exists(CodeIgniter\Debug\Toolbar\Collectors\Cache).please check $collectors in the Config\Toolbar.php file.
CRITICAL - 2021-02-12 15:48:43 --> Toolbar collector does not exists(CodeIgniter\Debug\Toolbar\Collectors\Cache).please check $collectors in the Config\Toolbar.php file.
CRITICAL - 2021-02-12 15:48:46 --> Toolbar collector does not exists(CodeIgniter\Debug\Toolbar\Collectors\Cache).please check $collectors in the Config\Toolbar.php file.
CRITICAL - 2021-02-12 15:48:46 --> Toolbar collector does not exists(CodeIgniter\Debug\Toolbar\Collectors\Cache).please check $collectors in the Config\Toolbar.php file.
CRITICAL - 2021-02-12 15:48:46 --> Toolbar collector does not exists(CodeIgniter\Debug\Toolbar\Collectors\Cache).please check $collectors in the Config\Toolbar.php file.
CRITICAL - 2021-02-12 15:48:52 --> Toolbar collector does not exists(CodeIgniter\Debug\Toolbar\Collectors\Cache).please check $collectors in the Config\Toolbar.php file.
CRITICAL - 2021-02-12 15:48:52 --> Toolbar collector does not exists(CodeIgniter\Debug\Toolbar\Collectors\Cache).please check $collectors in the Config\Toolbar.php file.
CRITICAL - 2021-02-12 15:48:52 --> Toolbar collector does not exists(CodeIgniter\Debug\Toolbar\Collectors\Cache).please check $collectors in the Config\Toolbar.php file.
CRITICAL - 2021-02-12 15:51:13 --> Toolbar collector does not exists(CodeIgniter\Debug\Toolbar\Collectors\Cache).please check $collectors in the Config\Toolbar.php file.
CRITICAL - 2021-02-12 15:51:13 --> Toolbar collector does not exists(CodeIgniter\Debug\Toolbar\Collectors\Cache).please check $collectors in the Config\Toolbar.php file.
CRITICAL - 2021-02-12 15:51:13 --> Toolbar collector does not exists(CodeIgniter\Debug\Toolbar\Collectors\Cache).please check $collectors in the Config\Toolbar.php file.
CRITICAL - 2021-02-12 15:51:17 --> Toolbar collector does not exists(CodeIgniter\Debug\Toolbar\Collectors\Cache).please check $collectors in the Config\Toolbar.php file.
CRITICAL - 2021-02-12 15:51:17 --> Toolbar collector does not exists(CodeIgniter\Debug\Toolbar\Collectors\Cache).please check $collectors in the Config\Toolbar.php file.
CRITICAL - 2021-02-12 15:51:17 --> Toolbar collector does not exists(CodeIgniter\Debug\Toolbar\Collectors\Cache).please check $collectors in the Config\Toolbar.php file.
CRITICAL - 2021-02-12 15:54:50 --> Toolbar collector does not exists(CodeIgniter\Debug\Toolbar\Collectors\Cache).please check $collectors in the Config\Toolbar.php file.
CRITICAL - 2021-02-12 15:54:50 --> Undefined variable: mold
#0 C:\wamp64\www\moldsfc\app\Views\molds\list.php(47): CodeIgniter\Debug\Exceptions->errorHandler(8, 'Undefined varia...', 'C:\\wamp64\\www\\m...', 47, Array)
#1 C:\wamp64\www\moldsfc\vendor\codeigniter4\framework\system\View\View.php(246): include('C:\\wamp64\\www\\m...')
#2 C:\wamp64\www\moldsfc\vendor\codeigniter4\framework\system\Common.php(1119): CodeIgniter\View\View->render('molds/list', Array, true)
#3 C:\wamp64\www\moldsfc\app\Views\overlay.php(595): view('molds/list')
#4 C:\wamp64\www\moldsfc\vendor\codeigniter4\framework\system\View\View.php(246): include('C:\\wamp64\\www\\m...')
#5 C:\wamp64\www\moldsfc\vendor\codeigniter4\framework\system\Common.php(1119): CodeIgniter\View\View->render('molds/list', Array, true)
#6 C:\wamp64\www\moldsfc\app\Controllers\Mold.php(41): view('overlay', Array)
#7 C:\wamp64\www\moldsfc\vendor\codeigniter4\framework\system\CodeIgniter.php(918): App\Controllers\Mold->list()
#8 C:\wamp64\www\moldsfc\vendor\codeigniter4\framework\system\CodeIgniter.php(404): CodeIgniter\CodeIgniter->runController(Object(App\Controllers\Mold))
#9 C:\wamp64\www\moldsfc\vendor\codeigniter4\framework\system\CodeIgniter.php(312): CodeIgniter\CodeIgniter->handleRequest(NULL, Object(Config\Cache), false)
#10 C:\wamp64\www\moldsfc\index.php(46): CodeIgniter\CodeIgniter->run()
#11 {main}
CRITICAL - 2021-02-12 15:55:49 --> Toolbar collector does not exists(CodeIgniter\Debug\Toolbar\Collectors\Cache).please check $collectors in the Config\Toolbar.php file.
CRITICAL - 2021-02-12 15:55:49 --> Undefined variable: partners
#0 C:\wamp64\www\moldsfc\app\Views\molds\list.php(91): CodeIgniter\Debug\Exceptions->errorHandler(8, 'Undefined varia...', 'C:\\wamp64\\www\\m...', 91, Array)
#1 C:\wamp64\www\moldsfc\vendor\codeigniter4\framework\system\View\View.php(246): include('C:\\wamp64\\www\\m...')
#2 C:\wamp64\www\moldsfc\vendor\codeigniter4\framework\system\Common.php(1119): CodeIgniter\View\View->render('molds/list', Array, true)
#3 C:\wamp64\www\moldsfc\app\Views\overlay.php(595): view('molds/list')
#4 C:\wamp64\www\moldsfc\vendor\codeigniter4\framework\system\View\View.php(246): include('C:\\wamp64\\www\\m...')
#5 C:\wamp64\www\moldsfc\vendor\codeigniter4\framework\system\Common.php(1119): CodeIgniter\View\View->render('molds/list', Array, true)
#6 C:\wamp64\www\moldsfc\app\Controllers\Mold.php(43): view('overlay', Array)
#7 C:\wamp64\www\moldsfc\vendor\codeigniter4\framework\system\CodeIgniter.php(918): App\Controllers\Mold->list()
#8 C:\wamp64\www\moldsfc\vendor\codeigniter4\framework\system\CodeIgniter.php(404): CodeIgniter\CodeIgniter->runController(Object(App\Controllers\Mold))
#9 C:\wamp64\www\moldsfc\vendor\codeigniter4\framework\system\CodeIgniter.php(312): CodeIgniter\CodeIgniter->handleRequest(NULL, Object(Config\Cache), false)
#10 C:\wamp64\www\moldsfc\index.php(46): CodeIgniter\CodeIgniter->run()
#11 {main}
CRITICAL - 2021-02-12 15:55:51 --> Toolbar collector does not exists(CodeIgniter\Debug\Toolbar\Collectors\Cache).please check $collectors in the Config\Toolbar.php file.
CRITICAL - 2021-02-12 15:55:51 --> Undefined variable: partners
#0 C:\wamp64\www\moldsfc\app\Views\molds\list.php(91): CodeIgniter\Debug\Exceptions->errorHandler(8, 'Undefined varia...', 'C:\\wamp64\\www\\m...', 91, Array)
#1 C:\wamp64\www\moldsfc\vendor\codeigniter4\framework\system\View\View.php(246): include('C:\\wamp64\\www\\m...')
#2 C:\wamp64\www\moldsfc\vendor\codeigniter4\framework\system\Common.php(1119): CodeIgniter\View\View->render('molds/list', Array, true)
#3 C:\wamp64\www\moldsfc\app\Views\overlay.php(595): view('molds/list')
#4 C:\wamp64\www\moldsfc\vendor\codeigniter4\framework\system\View\View.php(246): include('C:\\wamp64\\www\\m...')
#5 C:\wamp64\www\moldsfc\vendor\codeigniter4\framework\system\Common.php(1119): CodeIgniter\View\View->render('molds/list', Array, true)
#6 C:\wamp64\www\moldsfc\app\Controllers\Mold.php(43): view('overlay', Array)
#7 C:\wamp64\www\moldsfc\vendor\codeigniter4\framework\system\CodeIgniter.php(918): App\Controllers\Mold->list()
#8 C:\wamp64\www\moldsfc\vendor\codeigniter4\framework\system\CodeIgniter.php(404): CodeIgniter\CodeIgniter->runController(Object(App\Controllers\Mold))
#9 C:\wamp64\www\moldsfc\vendor\codeigniter4\framework\system\CodeIgniter.php(312): CodeIgniter\CodeIgniter->handleRequest(NULL, Object(Config\Cache), false)
#10 C:\wamp64\www\moldsfc\index.php(46): CodeIgniter\CodeIgniter->run()
#11 {main}
CRITICAL - 2021-02-12 15:55:51 --> Toolbar collector does not exists(CodeIgniter\Debug\Toolbar\Collectors\Cache).please check $collectors in the Config\Toolbar.php file.
CRITICAL - 2021-02-12 15:55:51 --> Undefined variable: partners
#0 C:\wamp64\www\moldsfc\app\Views\molds\list.php(91): CodeIgniter\Debug\Exceptions->errorHandler(8, 'Undefined varia...', 'C:\\wamp64\\www\\m...', 91, Array)
#1 C:\wamp64\www\moldsfc\vendor\codeigniter4\framework\system\View\View.php(246): include('C:\\wamp64\\www\\m...')
#2 C:\wamp64\www\moldsfc\vendor\codeigniter4\framework\system\Common.php(1119): CodeIgniter\View\View->render('molds/list', Array, true)
#3 C:\wamp64\www\moldsfc\app\Views\overlay.php(595): view('molds/list')
#4 C:\wamp64\www\moldsfc\vendor\codeigniter4\framework\system\View\View.php(246): include('C:\\wamp64\\www\\m...')
#5 C:\wamp64\www\moldsfc\vendor\codeigniter4\framework\system\Common.php(1119): CodeIgniter\View\View->render('molds/list', Array, true)
#6 C:\wamp64\www\moldsfc\app\Controllers\Mold.php(43): view('overlay', Array)
#7 C:\wamp64\www\moldsfc\vendor\codeigniter4\framework\system\CodeIgniter.php(918): App\Controllers\Mold->list()
#8 C:\wamp64\www\moldsfc\vendor\codeigniter4\framework\system\CodeIgniter.php(404): CodeIgniter\CodeIgniter->runController(Object(App\Controllers\Mold))
#9 C:\wamp64\www\moldsfc\vendor\codeigniter4\framework\system\CodeIgniter.php(312): CodeIgniter\CodeIgniter->handleRequest(NULL, Object(Config\Cache), false)
#10 C:\wamp64\www\moldsfc\index.php(46): CodeIgniter\CodeIgniter->run()
#11 {main}
CRITICAL - 2021-02-12 15:55:51 --> Toolbar collector does not exists(CodeIgniter\Debug\Toolbar\Collectors\Cache).please check $collectors in the Config\Toolbar.php file.
CRITICAL - 2021-02-12 15:55:51 --> Undefined variable: partners
#0 C:\wamp64\www\moldsfc\app\Views\molds\list.php(91): CodeIgniter\Debug\Exceptions->errorHandler(8, 'Undefined varia...', 'C:\\wamp64\\www\\m...', 91, Array)
#1 C:\wamp64\www\moldsfc\vendor\codeigniter4\framework\system\View\View.php(246): include('C:\\wamp64\\www\\m...')
#2 C:\wamp64\www\moldsfc\vendor\codeigniter4\framework\system\Common.php(1119): CodeIgniter\View\View->render('molds/list', Array, true)
#3 C:\wamp64\www\moldsfc\app\Views\overlay.php(595): view('molds/list')
#4 C:\wamp64\www\moldsfc\vendor\codeigniter4\framework\system\View\View.php(246): include('C:\\wamp64\\www\\m...')
#5 C:\wamp64\www\moldsfc\vendor\codeigniter4\framework\system\Common.php(1119): CodeIgniter\View\View->render('molds/list', Array, true)
#6 C:\wamp64\www\moldsfc\app\Controllers\Mold.php(43): view('overlay', Array)
#7 C:\wamp64\www\moldsfc\vendor\codeigniter4\framework\system\CodeIgniter.php(918): App\Controllers\Mold->list()
#8 C:\wamp64\www\moldsfc\vendor\codeigniter4\framework\system\CodeIgniter.php(404): CodeIgniter\CodeIgniter->runController(Object(App\Controllers\Mold))
#9 C:\wamp64\www\moldsfc\vendor\codeigniter4\framework\system\CodeIgniter.php(312): CodeIgniter\CodeIgniter->handleRequest(NULL, Object(Config\Cache), false)
#10 C:\wamp64\www\moldsfc\index.php(46): CodeIgniter\CodeIgniter->run()
#11 {main}
CRITICAL - 2021-02-12 15:55:52 --> Toolbar collector does not exists(CodeIgniter\Debug\Toolbar\Collectors\Cache).please check $collectors in the Config\Toolbar.php file.
CRITICAL - 2021-02-12 15:55:52 --> Undefined variable: partners
#0 C:\wamp64\www\moldsfc\app\Views\molds\list.php(91): CodeIgniter\Debug\Exceptions->errorHandler(8, 'Undefined varia...', 'C:\\wamp64\\www\\m...', 91, Array)
#1 C:\wamp64\www\moldsfc\vendor\codeigniter4\framework\system\View\View.php(246): include('C:\\wamp64\\www\\m...')
#2 C:\wamp64\www\moldsfc\vendor\codeigniter4\framework\system\Common.php(1119): CodeIgniter\View\View->render('molds/list', Array, true)
#3 C:\wamp64\www\moldsfc\app\Views\overlay.php(595): view('molds/list')
#4 C:\wamp64\www\moldsfc\vendor\codeigniter4\framework\system\View\View.php(246): include('C:\\wamp64\\www\\m...')
#5 C:\wamp64\www\moldsfc\vendor\codeigniter4\framework\system\Common.php(1119): CodeIgniter\View\View->render('molds/list', Array, true)
#6 C:\wamp64\www\moldsfc\app\Controllers\Mold.php(43): view('overlay', Array)
#7 C:\wamp64\www\moldsfc\vendor\codeigniter4\framework\system\CodeIgniter.php(918): App\Controllers\Mold->list()
#8 C:\wamp64\www\moldsfc\vendor\codeigniter4\framework\system\CodeIgniter.php(404): CodeIgniter\CodeIgniter->runController(Object(App\Controllers\Mold))
#9 C:\wamp64\www\moldsfc\vendor\codeigniter4\framework\system\CodeIgniter.php(312): CodeIgniter\CodeIgniter->handleRequest(NULL, Object(Config\Cache), false)
#10 C:\wamp64\www\moldsfc\index.php(46): CodeIgniter\CodeIgniter->run()
#11 {main}
CRITICAL - 2021-02-12 15:55:52 --> Toolbar collector does not exists(CodeIgniter\Debug\Toolbar\Collectors\Cache).please check $collectors in the Config\Toolbar.php file.
CRITICAL - 2021-02-12 15:55:52 --> Undefined variable: partners
#0 C:\wamp64\www\moldsfc\app\Views\molds\list.php(91): CodeIgniter\Debug\Exceptions->errorHandler(8, 'Undefined varia...', 'C:\\wamp64\\www\\m...', 91, Array)
#1 C:\wamp64\www\moldsfc\vendor\codeigniter4\framework\system\View\View.php(246): include('C:\\wamp64\\www\\m...')
#2 C:\wamp64\www\moldsfc\vendor\codeigniter4\framework\system\Common.php(1119): CodeIgniter\View\View->render('molds/list', Array, true)
#3 C:\wamp64\www\moldsfc\app\Views\overlay.php(595): view('molds/list')
#4 C:\wamp64\www\moldsfc\vendor\codeigniter4\framework\system\View\View.php(246): include('C:\\wamp64\\www\\m...')
#5 C:\wamp64\www\moldsfc\vendor\codeigniter4\framework\system\Common.php(1119): CodeIgniter\View\View->render('molds/list', Array, true)
#6 C:\wamp64\www\moldsfc\app\Controllers\Mold.php(43): view('overlay', Array)
#7 C:\wamp64\www\moldsfc\vendor\codeigniter4\framework\system\CodeIgniter.php(918): App\Controllers\Mold->list()
#8 C:\wamp64\www\moldsfc\vendor\codeigniter4\framework\system\CodeIgniter.php(404): CodeIgniter\CodeIgniter->runController(Object(App\Controllers\Mold))
#9 C:\wamp64\www\moldsfc\vendor\codeigniter4\framework\system\CodeIgniter.php(312): CodeIgniter\CodeIgniter->handleRequest(NULL, Object(Config\Cache), false)
#10 C:\wamp64\www\moldsfc\index.php(46): CodeIgniter\CodeIgniter->run()
#11 {main}
CRITICAL - 2021-02-12 15:57:38 --> Toolbar collector does not exists(CodeIgniter\Debug\Toolbar\Collectors\Cache).please check $collectors in the Config\Toolbar.php file.
CRITICAL - 2021-02-12 15:57:38 --> Undefined variable: partners
#0 C:\wamp64\www\moldsfc\app\Views\molds\list.php(91): CodeIgniter\Debug\Exceptions->errorHandler(8, 'Undefined varia...', 'C:\\wamp64\\www\\m...', 91, Array)
#1 C:\wamp64\www\moldsfc\vendor\codeigniter4\framework\system\View\View.php(246): include('C:\\wamp64\\www\\m...')
#2 C:\wamp64\www\moldsfc\vendor\codeigniter4\framework\system\Common.php(1119): CodeIgniter\View\View->render('molds/list', Array, true)
#3 C:\wamp64\www\moldsfc\app\Views\overlay.php(595): view('molds/list')
#4 C:\wamp64\www\moldsfc\vendor\codeigniter4\framework\system\View\View.php(246): include('C:\\wamp64\\www\\m...')
#5 C:\wamp64\www\moldsfc\vendor\codeigniter4\framework\system\Common.php(1119): CodeIgniter\View\View->render('molds/list', Array, true)
#6 C:\wamp64\www\moldsfc\app\Controllers\Mold.php(43): view('overlay', Array)
#7 C:\wamp64\www\moldsfc\vendor\codeigniter4\framework\system\CodeIgniter.php(918): App\Controllers\Mold->list()
#8 C:\wamp64\www\moldsfc\vendor\codeigniter4\framework\system\CodeIgniter.php(404): CodeIgniter\CodeIgniter->runController(Object(App\Controllers\Mold))
#9 C:\wamp64\www\moldsfc\vendor\codeigniter4\framework\system\CodeIgniter.php(312): CodeIgniter\CodeIgniter->handleRequest(NULL, Object(Config\Cache), false)
#10 C:\wamp64\www\moldsfc\index.php(46): CodeIgniter\CodeIgniter->run()
#11 {main}
CRITICAL - 2021-02-12 15:58:14 --> Toolbar collector does not exists(CodeIgniter\Debug\Toolbar\Collectors\Cache).please check $collectors in the Config\Toolbar.php file.
CRITICAL - 2021-02-12 15:58:14 --> Toolbar collector does not exists(CodeIgniter\Debug\Toolbar\Collectors\Cache).please check $collectors in the Config\Toolbar.php file.
CRITICAL - 2021-02-12 15:58:14 --> Toolbar collector does not exists(CodeIgniter\Debug\Toolbar\Collectors\Cache).please check $collectors in the Config\Toolbar.php file.
CRITICAL - 2021-02-12 16:01:29 --> Toolbar collector does not exists(CodeIgniter\Debug\Toolbar\Collectors\Cache).please check $collectors in the Config\Toolbar.php file.
CRITICAL - 2021-02-12 16:01:29 --> Toolbar collector does not exists(CodeIgniter\Debug\Toolbar\Collectors\Cache).please check $collectors in the Config\Toolbar.php file.
CRITICAL - 2021-02-12 16:01:29 --> Toolbar collector does not exists(CodeIgniter\Debug\Toolbar\Collectors\Cache).please check $collectors in the Config\Toolbar.php file.
CRITICAL - 2021-02-12 16:02:49 --> Toolbar collector does not exists(CodeIgniter\Debug\Toolbar\Collectors\Cache).please check $collectors in the Config\Toolbar.php file.
CRITICAL - 2021-02-12 16:02:49 --> Toolbar collector does not exists(CodeIgniter\Debug\Toolbar\Collectors\Cache).please check $collectors in the Config\Toolbar.php file.
CRITICAL - 2021-02-12 16:02:50 --> Toolbar collector does not exists(CodeIgniter\Debug\Toolbar\Collectors\Cache).please check $collectors in the Config\Toolbar.php file.
CRITICAL - 2021-02-12 16:02:59 --> Toolbar collector does not exists(CodeIgniter\Debug\Toolbar\Collectors\Cache).please check $collectors in the Config\Toolbar.php file.
CRITICAL - 2021-02-12 16:02:59 --> Toolbar collector does not exists(CodeIgniter\Debug\Toolbar\Collectors\Cache).please check $collectors in the Config\Toolbar.php file.
CRITICAL - 2021-02-12 16:02:59 --> Toolbar collector does not exists(CodeIgniter\Debug\Toolbar\Collectors\Cache).please check $collectors in the Config\Toolbar.php file.
CRITICAL - 2021-02-12 16:03:03 --> Toolbar collector does not exists(CodeIgniter\Debug\Toolbar\Collectors\Cache).please check $collectors in the Config\Toolbar.php file.
CRITICAL - 2021-02-12 16:03:03 --> Toolbar collector does not exists(CodeIgniter\Debug\Toolbar\Collectors\Cache).please check $collectors in the Config\Toolbar.php file.
CRITICAL - 2021-02-12 16:03:03 --> Toolbar collector does not exists(CodeIgniter\Debug\Toolbar\Collectors\Cache).please check $collectors in the Config\Toolbar.php file.
CRITICAL - 2021-02-12 16:03:06 --> Toolbar collector does not exists(CodeIgniter\Debug\Toolbar\Collectors\Cache).please check $collectors in the Config\Toolbar.php file.
CRITICAL - 2021-02-12 16:03:06 --> Toolbar collector does not exists(CodeIgniter\Debug\Toolbar\Collectors\Cache).please check $collectors in the Config\Toolbar.php file.
CRITICAL - 2021-02-12 16:03:07 --> Toolbar collector does not exists(CodeIgniter\Debug\Toolbar\Collectors\Cache).please check $collectors in the Config\Toolbar.php file.
CRITICAL - 2021-02-12 16:03:09 --> Toolbar collector does not exists(CodeIgniter\Debug\Toolbar\Collectors\Cache).please check $collectors in the Config\Toolbar.php file.
CRITICAL - 2021-02-12 16:03:09 --> Toolbar collector does not exists(CodeIgniter\Debug\Toolbar\Collectors\Cache).please check $collectors in the Config\Toolbar.php file.
CRITICAL - 2021-02-12 16:03:09 --> Toolbar collector does not exists(CodeIgniter\Debug\Toolbar\Collectors\Cache).please check $collectors in the Config\Toolbar.php file.
CRITICAL - 2021-02-12 16:03:09 --> Toolbar collector does not exists(CodeIgniter\Debug\Toolbar\Collectors\Cache).please check $collectors in the Config\Toolbar.php file.
CRITICAL - 2021-02-12 16:03:10 --> Toolbar collector does not exists(CodeIgniter\Debug\Toolbar\Collectors\Cache).please check $collectors in the Config\Toolbar.php file.
CRITICAL - 2021-02-12 16:03:10 --> Toolbar collector does not exists(CodeIgniter\Debug\Toolbar\Collectors\Cache).please check $collectors in the Config\Toolbar.php file.
CRITICAL - 2021-02-12 16:03:12 --> Toolbar collector does not exists(CodeIgniter\Debug\Toolbar\Collectors\Cache).please check $collectors in the Config\Toolbar.php file.
CRITICAL - 2021-02-12 16:03:12 --> Toolbar collector does not exists(CodeIgniter\Debug\Toolbar\Collectors\Cache).please check $collectors in the Config\Toolbar.php file.
CRITICAL - 2021-02-12 16:03:12 --> Toolbar collector does not exists(CodeIgniter\Debug\Toolbar\Collectors\Cache).please check $collectors in the Config\Toolbar.php file.
CRITICAL - 2021-02-12 16:03:16 --> Toolbar collector does not exists(CodeIgniter\Debug\Toolbar\Collectors\Cache).please check $collectors in the Config\Toolbar.php file.
CRITICAL - 2021-02-12 16:03:16 --> Toolbar collector does not exists(CodeIgniter\Debug\Toolbar\Collectors\Cache).please check $collectors in the Config\Toolbar.php file.
CRITICAL - 2021-02-12 16:03:16 --> Toolbar collector does not exists(CodeIgniter\Debug\Toolbar\Collectors\Cache).please check $collectors in the Config\Toolbar.php file.
CRITICAL - 2021-02-12 16:03:20 --> Toolbar collector does not exists(CodeIgniter\Debug\Toolbar\Collectors\Cache).please check $collectors in the Config\Toolbar.php file.
CRITICAL - 2021-02-12 16:03:20 --> Toolbar collector does not exists(CodeIgniter\Debug\Toolbar\Collectors\Cache).please check $collectors in the Config\Toolbar.php file.
CRITICAL - 2021-02-12 16:03:20 --> Toolbar collector does not exists(CodeIgniter\Debug\Toolbar\Collectors\Cache).please check $collectors in the Config\Toolbar.php file.
CRITICAL - 2021-02-12 16:12:52 --> Toolbar collector does not exists(CodeIgniter\Debug\Toolbar\Collectors\Cache).please check $collectors in the Config\Toolbar.php file.
CRITICAL - 2021-02-12 16:12:53 --> Toolbar collector does not exists(CodeIgniter\Debug\Toolbar\Collectors\Cache).please check $collectors in the Config\Toolbar.php file.
CRITICAL - 2021-02-12 16:12:53 --> Toolbar collector does not exists(CodeIgniter\Debug\Toolbar\Collectors\Cache).please check $collectors in the Config\Toolbar.php file.
CRITICAL - 2021-02-12 16:12:58 --> Toolbar collector does not exists(CodeIgniter\Debug\Toolbar\Collectors\Cache).please check $collectors in the Config\Toolbar.php file.
CRITICAL - 2021-02-12 16:13:02 --> Toolbar collector does not exists(CodeIgniter\Debug\Toolbar\Collectors\Cache).please check $collectors in the Config\Toolbar.php file.
CRITICAL - 2021-02-12 16:13:02 --> Toolbar collector does not exists(CodeIgniter\Debug\Toolbar\Collectors\Cache).please check $collectors in the Config\Toolbar.php file.
CRITICAL - 2021-02-12 16:13:08 --> Toolbar collector does not exists(CodeIgniter\Debug\Toolbar\Collectors\Cache).please check $collectors in the Config\Toolbar.php file.
CRITICAL - 2021-02-12 16:13:09 --> Toolbar collector does not exists(CodeIgniter\Debug\Toolbar\Collectors\Cache).please check $collectors in the Config\Toolbar.php file.
CRITICAL - 2021-02-12 16:13:10 --> Toolbar collector does not exists(CodeIgniter\Debug\Toolbar\Collectors\Cache).please check $collectors in the Config\Toolbar.php file.
CRITICAL - 2021-02-12 16:13:10 --> Toolbar collector does not exists(CodeIgniter\Debug\Toolbar\Collectors\Cache).please check $collectors in the Config\Toolbar.php file.
CRITICAL - 2021-02-12 16:13:10 --> Toolbar collector does not exists(CodeIgniter\Debug\Toolbar\Collectors\Cache).please check $collectors in the Config\Toolbar.php file.
CRITICAL - 2021-02-12 16:13:10 --> Toolbar collector does not exists(CodeIgniter\Debug\Toolbar\Collectors\Cache).please check $collectors in the Config\Toolbar.php file.
CRITICAL - 2021-02-12 16:13:10 --> Toolbar collector does not exists(CodeIgniter\Debug\Toolbar\Collectors\Cache).please check $collectors in the Config\Toolbar.php file.
CRITICAL - 2021-02-12 16:13:11 --> Toolbar collector does not exists(CodeIgniter\Debug\Toolbar\Collectors\Cache).please check $collectors in the Config\Toolbar.php file.
CRITICAL - 2021-02-12 16:13:11 --> Toolbar collector does not exists(CodeIgniter\Debug\Toolbar\Collectors\Cache).please check $collectors in the Config\Toolbar.php file.
CRITICAL - 2021-02-12 16:13:12 --> Toolbar collector does not exists(CodeIgniter\Debug\Toolbar\Collectors\Cache).please check $collectors in the Config\Toolbar.php file.
CRITICAL - 2021-02-12 16:13:12 --> Toolbar collector does not exists(CodeIgniter\Debug\Toolbar\Collectors\Cache).please check $collectors in the Config\Toolbar.php file.
CRITICAL - 2021-02-12 16:13:12 --> Toolbar collector does not exists(CodeIgniter\Debug\Toolbar\Collectors\Cache).please check $collectors in the Config\Toolbar.php file.
CRITICAL - 2021-02-12 16:15:25 --> Toolbar collector does not exists(CodeIgniter\Debug\Toolbar\Collectors\Cache).please check $collectors in the Config\Toolbar.php file.
CRITICAL - 2021-02-12 16:15:25 --> Toolbar collector does not exists(CodeIgniter\Debug\Toolbar\Collectors\Cache).please check $collectors in the Config\Toolbar.php file.
CRITICAL - 2021-02-12 16:15:25 --> Toolbar collector does not exists(CodeIgniter\Debug\Toolbar\Collectors\Cache).please check $collectors in the Config\Toolbar.php file.
CRITICAL - 2021-02-12 16:52:16 --> Toolbar collector does not exists(CodeIgniter\Debug\Toolbar\Collectors\Cache).please check $collectors in the Config\Toolbar.php file.
CRITICAL - 2021-02-12 16:52:17 --> Undefined variable: comment_order
#0 C:\wamp64\www\moldsfc\app\Views\molds\view.php(84): CodeIgniter\Debug\Exceptions->errorHandler(8, 'Undefined varia...', 'C:\\wamp64\\www\\m...', 84, Array)
#1 C:\wamp64\www\moldsfc\vendor\codeigniter4\framework\system\View\View.php(246): include('C:\\wamp64\\www\\m...')
#2 C:\wamp64\www\moldsfc\vendor\codeigniter4\framework\system\Common.php(1119): CodeIgniter\View\View->render('molds/view', Array, true)
#3 C:\wamp64\www\moldsfc\app\Views\overlay.php(595): view('molds/view')
#4 C:\wamp64\www\moldsfc\vendor\codeigniter4\framework\system\View\View.php(246): include('C:\\wamp64\\www\\m...')
#5 C:\wamp64\www\moldsfc\vendor\codeigniter4\framework\system\Common.php(1119): CodeIgniter\View\View->render('molds/view', Array, true)
#6 C:\wamp64\www\moldsfc\app\Controllers\Mold.php(67): view('overlay', Array)
#7 C:\wamp64\www\moldsfc\vendor\codeigniter4\framework\system\CodeIgniter.php(918): App\Controllers\Mold->view('12')
#8 C:\wamp64\www\moldsfc\vendor\codeigniter4\framework\system\CodeIgniter.php(404): CodeIgniter\CodeIgniter->runController(Object(App\Controllers\Mold))
#9 C:\wamp64\www\moldsfc\vendor\codeigniter4\framework\system\CodeIgniter.php(312): CodeIgniter\CodeIgniter->handleRequest(NULL, Object(Config\Cache), false)
#10 C:\wamp64\www\moldsfc\index.php(46): CodeIgniter\CodeIgniter->run()
#11 {main}
CRITICAL - 2021-02-12 16:52:23 --> Toolbar collector does not exists(CodeIgniter\Debug\Toolbar\Collectors\Cache).please check $collectors in the Config\Toolbar.php file.
CRITICAL - 2021-02-12 16:52:23 --> Toolbar collector does not exists(CodeIgniter\Debug\Toolbar\Collectors\Cache).please check $collectors in the Config\Toolbar.php file.
CRITICAL - 2021-02-12 16:52:23 --> Toolbar collector does not exists(CodeIgniter\Debug\Toolbar\Collectors\Cache).please check $collectors in the Config\Toolbar.php file.
CRITICAL - 2021-02-12 16:52:47 --> Toolbar collector does not exists(CodeIgniter\Debug\Toolbar\Collectors\Cache).please check $collectors in the Config\Toolbar.php file.
CRITICAL - 2021-02-12 16:52:47 --> Undefined variable: comment_order
#0 C:\wamp64\www\moldsfc\app\Views\molds\view.php(84): CodeIgniter\Debug\Exceptions->errorHandler(8, 'Undefined varia...', 'C:\\wamp64\\www\\m...', 84, Array)
#1 C:\wamp64\www\moldsfc\vendor\codeigniter4\framework\system\View\View.php(246): include('C:\\wamp64\\www\\m...')
#2 C:\wamp64\www\moldsfc\vendor\codeigniter4\framework\system\Common.php(1119): CodeIgniter\View\View->render('molds/view', Array, true)
#3 C:\wamp64\www\moldsfc\app\Views\overlay.php(595): view('molds/view')
#4 C:\wamp64\www\moldsfc\vendor\codeigniter4\framework\system\View\View.php(246): include('C:\\wamp64\\www\\m...')
#5 C:\wamp64\www\moldsfc\vendor\codeigniter4\framework\system\Common.php(1119): CodeIgniter\View\View->render('molds/view', Array, true)
#6 C:\wamp64\www\moldsfc\app\Controllers\Mold.php(67): view('overlay', Array)
#7 C:\wamp64\www\moldsfc\vendor\codeigniter4\framework\system\CodeIgniter.php(918): App\Controllers\Mold->view('12')
#8 C:\wamp64\www\moldsfc\vendor\codeigniter4\framework\system\CodeIgniter.php(404): CodeIgniter\CodeIgniter->runController(Object(App\Controllers\Mold))
#9 C:\wamp64\www\moldsfc\vendor\codeigniter4\framework\system\CodeIgniter.php(312): CodeIgniter\CodeIgniter->handleRequest(NULL, Object(Config\Cache), false)
#10 C:\wamp64\www\moldsfc\index.php(46): CodeIgniter\CodeIgniter->run()
#11 {main}
CRITICAL - 2021-02-12 16:59:14 --> Toolbar collector does not exists(CodeIgniter\Debug\Toolbar\Collectors\Cache).please check $collectors in the Config\Toolbar.php file.
CRITICAL - 2021-02-12 16:59:14 --> Cannot declare class App\Models\CommentOrderModel, because the name is already in use
#0 [internal function]: CodeIgniter\Debug\Exceptions->shutdownHandler()
#1 {main}
CRITICAL - 2021-02-12 16:59:58 --> Toolbar collector does not exists(CodeIgniter\Debug\Toolbar\Collectors\Cache).please check $collectors in the Config\Toolbar.php file.
CRITICAL - 2021-02-12 16:59:58 --> Toolbar collector does not exists(CodeIgniter\Debug\Toolbar\Collectors\Cache).please check $collectors in the Config\Toolbar.php file.
CRITICAL - 2021-02-12 16:59:58 --> Toolbar collector does not exists(CodeIgniter\Debug\Toolbar\Collectors\Cache).please check $collectors in the Config\Toolbar.php file.
CRITICAL - 2021-02-12 17:00:54 --> Toolbar collector does not exists(CodeIgniter\Debug\Toolbar\Collectors\Cache).please check $collectors in the Config\Toolbar.php file.
CRITICAL - 2021-02-12 17:00:55 --> Toolbar collector does not exists(CodeIgniter\Debug\Toolbar\Collectors\Cache).please check $collectors in the Config\Toolbar.php file.
CRITICAL - 2021-02-12 17:00:55 --> Toolbar collector does not exists(CodeIgniter\Debug\Toolbar\Collectors\Cache).please check $collectors in the Config\Toolbar.php file.
CRITICAL - 2021-02-12 17:02:21 --> Toolbar collector does not exists(CodeIgniter\Debug\Toolbar\Collectors\Cache).please check $collectors in the Config\Toolbar.php file.
CRITICAL - 2021-02-12 17:02:21 --> Toolbar collector does not exists(CodeIgniter\Debug\Toolbar\Collectors\Cache).please check $collectors in the Config\Toolbar.php file.
CRITICAL - 2021-02-12 17:02:21 --> Toolbar collector does not exists(CodeIgniter\Debug\Toolbar\Collectors\Cache).please check $collectors in the Config\Toolbar.php file.
CRITICAL - 2021-02-12 17:02:27 --> Toolbar collector does not exists(CodeIgniter\Debug\Toolbar\Collectors\Cache).please check $collectors in the Config\Toolbar.php file.
CRITICAL - 2021-02-12 17:02:28 --> Toolbar collector does not exists(CodeIgniter\Debug\Toolbar\Collectors\Cache).please check $collectors in the Config\Toolbar.php file.
CRITICAL - 2021-02-12 17:02:28 --> Toolbar collector does not exists(CodeIgniter\Debug\Toolbar\Collectors\Cache).please check $collectors in the Config\Toolbar.php file.
CRITICAL - 2021-02-12 17:03:09 --> Toolbar collector does not exists(CodeIgniter\Debug\Toolbar\Collectors\Cache).please check $collectors in the Config\Toolbar.php file.
CRITICAL - 2021-02-12 17:03:09 --> Toolbar collector does not exists(CodeIgniter\Debug\Toolbar\Collectors\Cache).please check $collectors in the Config\Toolbar.php file.
CRITICAL - 2021-02-12 17:03:09 --> Toolbar collector does not exists(CodeIgniter\Debug\Toolbar\Collectors\Cache).please check $collectors in the Config\Toolbar.php file.
CRITICAL - 2021-02-12 17:03:44 --> Toolbar collector does not exists(CodeIgniter\Debug\Toolbar\Collectors\Cache).please check $collectors in the Config\Toolbar.php file.
CRITICAL - 2021-02-12 17:03:44 --> Undefined index: part_no
#0 C:\wamp64\www\moldsfc\app\Views\molds\view.php(48): CodeIgniter\Debug\Exceptions->errorHandler(8, 'Undefined index...', 'C:\\wamp64\\www\\m...', 48, Array)
#1 C:\wamp64\www\moldsfc\vendor\codeigniter4\framework\system\View\View.php(246): include('C:\\wamp64\\www\\m...')
#2 C:\wamp64\www\moldsfc\vendor\codeigniter4\framework\system\Common.php(1119): CodeIgniter\View\View->render('molds/view', Array, true)
#3 C:\wamp64\www\moldsfc\app\Views\overlay.php(595): view('molds/view')
#4 C:\wamp64\www\moldsfc\vendor\codeigniter4\framework\system\View\View.php(246): include('C:\\wamp64\\www\\m...')
#5 C:\wamp64\www\moldsfc\vendor\codeigniter4\framework\system\Common.php(1119): CodeIgniter\View\View->render('molds/view', Array, true)
#6 C:\wamp64\www\moldsfc\app\Controllers\Mold.php(69): view('overlay', Array)
#7 C:\wamp64\www\moldsfc\vendor\codeigniter4\framework\system\CodeIgniter.php(918): App\Controllers\Mold->view('12')
#8 C:\wamp64\www\moldsfc\vendor\codeigniter4\framework\system\CodeIgniter.php(404): CodeIgniter\CodeIgniter->runController(Object(App\Controllers\Mold))
#9 C:\wamp64\www\moldsfc\vendor\codeigniter4\framework\system\CodeIgniter.php(312): CodeIgniter\CodeIgniter->handleRequest(NULL, Object(Config\Cache), false)
#10 C:\wamp64\www\moldsfc\index.php(46): CodeIgniter\CodeIgniter->run()
#11 {main}
CRITICAL - 2021-02-12 17:03:59 --> Toolbar collector does not exists(CodeIgniter\Debug\Toolbar\Collectors\Cache).please check $collectors in the Config\Toolbar.php file.
CRITICAL - 2021-02-12 17:03:59 --> Toolbar collector does not exists(CodeIgniter\Debug\Toolbar\Collectors\Cache).please check $collectors in the Config\Toolbar.php file.
CRITICAL - 2021-02-12 17:03:59 --> Toolbar collector does not exists(CodeIgniter\Debug\Toolbar\Collectors\Cache).please check $collectors in the Config\Toolbar.php file.
CRITICAL - 2021-02-12 17:04:17 --> Toolbar collector does not exists(CodeIgniter\Debug\Toolbar\Collectors\Cache).please check $collectors in the Config\Toolbar.php file.
CRITICAL - 2021-02-12 17:04:17 --> Toolbar collector does not exists(CodeIgniter\Debug\Toolbar\Collectors\Cache).please check $collectors in the Config\Toolbar.php file.
CRITICAL - 2021-02-12 17:04:17 --> Toolbar collector does not exists(CodeIgniter\Debug\Toolbar\Collectors\Cache).please check $collectors in the Config\Toolbar.php file.
CRITICAL - 2021-02-12 17:04:52 --> Toolbar collector does not exists(CodeIgniter\Debug\Toolbar\Collectors\Cache).please check $collectors in the Config\Toolbar.php file.
CRITICAL - 2021-02-12 17:04:52 --> Toolbar collector does not exists(CodeIgniter\Debug\Toolbar\Collectors\Cache).please check $collectors in the Config\Toolbar.php file.
CRITICAL - 2021-02-12 17:04:52 --> Toolbar collector does not exists(CodeIgniter\Debug\Toolbar\Collectors\Cache).please check $collectors in the Config\Toolbar.php file.
CRITICAL - 2021-02-12 17:22:14 --> Toolbar collector does not exists(CodeIgniter\Debug\Toolbar\Collectors\Cache).please check $collectors in the Config\Toolbar.php file.
CRITICAL - 2021-02-12 17:22:14 --> Toolbar collector does not exists(CodeIgniter\Debug\Toolbar\Collectors\Cache).please check $collectors in the Config\Toolbar.php file.
CRITICAL - 2021-02-12 17:22:14 --> Toolbar collector does not exists(CodeIgniter\Debug\Toolbar\Collectors\Cache).please check $collectors in the Config\Toolbar.php file.
CRITICAL - 2021-02-12 17:22:29 --> Toolbar collector does not exists(CodeIgniter\Debug\Toolbar\Collectors\Cache).please check $collectors in the Config\Toolbar.php file.
CRITICAL - 2021-02-12 17:22:29 --> Toolbar collector does not exists(CodeIgniter\Debug\Toolbar\Collectors\Cache).please check $collectors in the Config\Toolbar.php file.
CRITICAL - 2021-02-12 17:22:29 --> Toolbar collector does not exists(CodeIgniter\Debug\Toolbar\Collectors\Cache).please check $collectors in the Config\Toolbar.php file.
CRITICAL - 2021-02-12 17:22:36 --> Toolbar collector does not exists(CodeIgniter\Debug\Toolbar\Collectors\Cache).please check $collectors in the Config\Toolbar.php file.
CRITICAL - 2021-02-12 17:22:36 --> Toolbar collector does not exists(CodeIgniter\Debug\Toolbar\Collectors\Cache).please check $collectors in the Config\Toolbar.php file.
CRITICAL - 2021-02-12 17:22:36 --> Toolbar collector does not exists(CodeIgniter\Debug\Toolbar\Collectors\Cache).please check $collectors in the Config\Toolbar.php file.
CRITICAL - 2021-02-12 17:22:41 --> Toolbar collector does not exists(CodeIgniter\Debug\Toolbar\Collectors\Cache).please check $collectors in the Config\Toolbar.php file.
CRITICAL - 2021-02-12 17:22:41 --> Toolbar collector does not exists(CodeIgniter\Debug\Toolbar\Collectors\Cache).please check $collectors in the Config\Toolbar.php file.
CRITICAL - 2021-02-12 17:22:41 --> Toolbar collector does not exists(CodeIgniter\Debug\Toolbar\Collectors\Cache).please check $collectors in the Config\Toolbar.php file.
CRITICAL - 2021-02-12 17:22:46 --> Toolbar collector does not exists(CodeIgniter\Debug\Toolbar\Collectors\Cache).please check $collectors in the Config\Toolbar.php file.
CRITICAL - 2021-02-12 17:22:46 --> Toolbar collector does not exists(CodeIgniter\Debug\Toolbar\Collectors\Cache).please check $collectors in the Config\Toolbar.php file.
CRITICAL - 2021-02-12 17:22:52 --> Toolbar collector does not exists(CodeIgniter\Debug\Toolbar\Collectors\Cache).please check $collectors in the Config\Toolbar.php file.
CRITICAL - 2021-02-12 17:22:52 --> Toolbar collector does not exists(CodeIgniter\Debug\Toolbar\Collectors\Cache).please check $collectors in the Config\Toolbar.php file.
CRITICAL - 2021-02-12 17:22:52 --> Toolbar collector does not exists(CodeIgniter\Debug\Toolbar\Collectors\Cache).please check $collectors in the Config\Toolbar.php file.
CRITICAL - 2021-02-12 17:23:00 --> Toolbar collector does not exists(CodeIgniter\Debug\Toolbar\Collectors\Cache).please check $collectors in the Config\Toolbar.php file.
CRITICAL - 2021-02-12 17:23:01 --> Toolbar collector does not exists(CodeIgniter\Debug\Toolbar\Collectors\Cache).please check $collectors in the Config\Toolbar.php file.
CRITICAL - 2021-02-12 17:23:05 --> Toolbar collector does not exists(CodeIgniter\Debug\Toolbar\Collectors\Cache).please check $collectors in the Config\Toolbar.php file.
CRITICAL - 2021-02-12 17:23:05 --> Toolbar collector does not exists(CodeIgniter\Debug\Toolbar\Collectors\Cache).please check $collectors in the Config\Toolbar.php file.
CRITICAL - 2021-02-12 17:23:05 --> Toolbar collector does not exists(CodeIgniter\Debug\Toolbar\Collectors\Cache).please check $collectors in the Config\Toolbar.php file.
CRITICAL - 2021-02-12 17:24:11 --> Toolbar collector does not exists(CodeIgniter\Debug\Toolbar\Collectors\Cache).please check $collectors in the Config\Toolbar.php file.
CRITICAL - 2021-02-12 17:24:11 --> Toolbar collector does not exists(CodeIgniter\Debug\Toolbar\Collectors\Cache).please check $collectors in the Config\Toolbar.php file.
CRITICAL - 2021-02-12 17:24:11 --> Toolbar collector does not exists(CodeIgniter\Debug\Toolbar\Collectors\Cache).please check $collectors in the Config\Toolbar.php file.
CRITICAL - 2021-02-12 17:24:19 --> Toolbar collector does not exists(CodeIgniter\Debug\Toolbar\Collectors\Cache).please check $collectors in the Config\Toolbar.php file.
CRITICAL - 2021-02-12 17:24:19 --> Toolbar collector does not exists(CodeIgniter\Debug\Toolbar\Collectors\Cache).please check $collectors in the Config\Toolbar.php file.
CRITICAL - 2021-02-12 17:24:19 --> Toolbar collector does not exists(CodeIgniter\Debug\Toolbar\Collectors\Cache).please check $collectors in the Config\Toolbar.php file.
CRITICAL - 2021-02-12 17:24:47 --> Toolbar collector does not exists(CodeIgniter\Debug\Toolbar\Collectors\Cache).please check $collectors in the Config\Toolbar.php file.
CRITICAL - 2021-02-12 17:24:47 --> Toolbar collector does not exists(CodeIgniter\Debug\Toolbar\Collectors\Cache).please check $collectors in the Config\Toolbar.php file.
CRITICAL - 2021-02-12 17:24:47 --> Toolbar collector does not exists(CodeIgniter\Debug\Toolbar\Collectors\Cache).please check $collectors in the Config\Toolbar.php file.
CRITICAL - 2021-02-12 17:24:54 --> Toolbar collector does not exists(CodeIgniter\Debug\Toolbar\Collectors\Cache).please check $collectors in the Config\Toolbar.php file.
CRITICAL - 2021-02-12 17:24:54 --> Toolbar collector does not exists(CodeIgniter\Debug\Toolbar\Collectors\Cache).please check $collectors in the Config\Toolbar.php file.
CRITICAL - 2021-02-12 17:24:54 --> Toolbar collector does not exists(CodeIgniter\Debug\Toolbar\Collectors\Cache).please check $collectors in the Config\Toolbar.php file.
CRITICAL - 2021-02-12 17:24:54 --> Toolbar collector does not exists(CodeIgniter\Debug\Toolbar\Collectors\Cache).please check $collectors in the Config\Toolbar.php file.
CRITICAL - 2021-02-12 17:24:54 --> Toolbar collector does not exists(CodeIgniter\Debug\Toolbar\Collectors\Cache).please check $collectors in the Config\Toolbar.php file.
CRITICAL - 2021-02-12 17:24:54 --> Toolbar collector does not exists(CodeIgniter\Debug\Toolbar\Collectors\Cache).please check $collectors in the Config\Toolbar.php file.
CRITICAL - 2021-02-12 17:24:54 --> Toolbar collector does not exists(CodeIgniter\Debug\Toolbar\Collectors\Cache).please check $collectors in the Config\Toolbar.php file.
CRITICAL - 2021-02-12 17:25:10 --> Toolbar collector does not exists(CodeIgniter\Debug\Toolbar\Collectors\Cache).please check $collectors in the Config\Toolbar.php file.
CRITICAL - 2021-02-12 17:25:10 --> Toolbar collector does not exists(CodeIgniter\Debug\Toolbar\Collectors\Cache).please check $collectors in the Config\Toolbar.php file.
CRITICAL - 2021-02-12 17:25:10 --> Toolbar collector does not exists(CodeIgniter\Debug\Toolbar\Collectors\Cache).please check $collectors in the Config\Toolbar.php file.
CRITICAL - 2021-02-12 17:25:10 --> Toolbar collector does not exists(CodeIgniter\Debug\Toolbar\Collectors\Cache).please check $collectors in the Config\Toolbar.php file.
CRITICAL - 2021-02-12 17:25:29 --> Toolbar collector does not exists(CodeIgniter\Debug\Toolbar\Collectors\Cache).please check $collectors in the Config\Toolbar.php file.
CRITICAL - 2021-02-12 17:25:29 --> Toolbar collector does not exists(CodeIgniter\Debug\Toolbar\Collectors\Cache).please check $collectors in the Config\Toolbar.php file.
CRITICAL - 2021-02-12 17:25:29 --> Toolbar collector does not exists(CodeIgniter\Debug\Toolbar\Collectors\Cache).please check $collectors in the Config\Toolbar.php file.
CRITICAL - 2021-02-12 17:25:48 --> Toolbar collector does not exists(CodeIgniter\Debug\Toolbar\Collectors\Cache).please check $collectors in the Config\Toolbar.php file.
CRITICAL - 2021-02-12 17:25:49 --> Toolbar collector does not exists(CodeIgniter\Debug\Toolbar\Collectors\Cache).please check $collectors in the Config\Toolbar.php file.
CRITICAL - 2021-02-12 17:25:49 --> Toolbar collector does not exists(CodeIgniter\Debug\Toolbar\Collectors\Cache).please check $collectors in the Config\Toolbar.php file.
CRITICAL - 2021-02-12 17:25:49 --> Toolbar collector does not exists(CodeIgniter\Debug\Toolbar\Collectors\Cache).please check $collectors in the Config\Toolbar.php file.
CRITICAL - 2021-02-12 17:25:49 --> Toolbar collector does not exists(CodeIgniter\Debug\Toolbar\Collectors\Cache).please check $collectors in the Config\Toolbar.php file.
CRITICAL - 2021-02-12 17:25:49 --> Toolbar collector does not exists(CodeIgniter\Debug\Toolbar\Collectors\Cache).please check $collectors in the Config\Toolbar.php file.
CRITICAL - 2021-02-12 17:25:49 --> Toolbar collector does not exists(CodeIgniter\Debug\Toolbar\Collectors\Cache).please check $collectors in the Config\Toolbar.php file.
